<?xml version="1.0" encoding="UTF-8"?>
<!-- Generated by org.testng.reporters.JUnitReportReporter -->
<testsuite hostname="DESKTOP-MAPJBAS" failures="0" tests="1" name="api.testvalidation.UserValidation" time="3.651" errors="0" timestamp="2024-08-08T11:11:51 IST" skipped="0">
  <testcase classname="api.testvalidation.UserValidation" name="CreateUser" time="3.651"/>
</testsuite> <!-- api.testvalidation.UserValidation -->
